<?xml version="1.0" encoding="UTF-8"?>
<testsuite name="Tests" tests="1" skipped="0" failures="0" errors="0" timestamp="2022-02-17T21:32:07" hostname="DESKTOP-L7B3B4M" time="4.102">
  <properties/>
  <testcase name="start" classname="Tests" time="4.102"/>
  <system-out><![CDATA[?[1;31m
Start test 1?[0m

  .   ____          _            __ _ _
 /\\ / ___'_ __ _ _(_)_ __  __ _ \ \ \ \
( ( )\___ | '_ | '_| | '_ \/ _` | \ \ \ \
 \\/  ___)| |_)| | | | | || (_| |  ) ) ) )
  '  |____| .__|_| |_|_| |_\__, | / / / /
 =========|_|==============|___/=/_/_/_/
 :: Spring Boot ::                (v2.5.6)

2022-02-18 00:32:08.366  INFO 5888 --- [    Test worker] task.Main                                : Starting Main using Java 17.0.1 on DESKTOP-L7B3B4M with PID 5888 (started by matro in C:\Users\matro\Documents\IdeaProjects\Recipes1\Topics\Exception handling\Improve the program)
2022-02-18 00:32:08.381  INFO 5888 --- [    Test worker] task.Main                                : No active profile set, falling back to default profiles: default
2022-02-18 00:32:09.976  INFO 5888 --- [    Test worker] o.s.b.w.embedded.tomcat.TomcatWebServer  : Tomcat initialized with port(s): 28852 (http)
2022-02-18 00:32:09.992  INFO 5888 --- [    Test worker] o.apache.catalina.core.StandardService   : Starting service [Tomcat]
2022-02-18 00:32:09.992  INFO 5888 --- [    Test worker] org.apache.catalina.core.StandardEngine  : Starting Servlet engine: [Apache Tomcat/9.0.54]
2022-02-18 00:32:10.105  INFO 5888 --- [    Test worker] o.a.c.c.C.[Tomcat].[localhost].[/]       : Initializing Spring embedded WebApplicationContext
2022-02-18 00:32:10.105  INFO 5888 --- [    Test worker] w.s.c.ServletWebServerApplicationContext : Root WebApplicationContext: initialization completed in 1653 ms
2022-02-18 00:32:10.969  INFO 5888 --- [    Test worker] o.s.b.a.e.web.EndpointLinksResolver      : Exposing 14 endpoint(s) beneath base path '/actuator'
2022-02-18 00:32:11.015  INFO 5888 --- [    Test worker] o.s.b.w.embedded.tomcat.TomcatWebServer  : Tomcat started on port(s): 28852 (http) with context path ''
2022-02-18 00:32:11.031  INFO 5888 --- [    Test worker] task.Main                                : Started Main in 3.12 seconds (JVM running for 3.969)
2022-02-18 00:32:11.465  INFO 5888 --- [io-28852-exec-1] o.a.c.c.C.[Tomcat].[localhost].[/]       : Initializing Spring DispatcherServlet 'dispatcherServlet'
2022-02-18 00:32:11.465  INFO 5888 --- [io-28852-exec-1] o.s.web.servlet.DispatcherServlet        : Initializing Servlet 'dispatcherServlet'
2022-02-18 00:32:11.467  INFO 5888 --- [io-28852-exec-1] o.s.web.servlet.DispatcherServlet        : Completed initialization in 1 ms
?[1;31m
Start test 2?[0m
?[1;31m
Start test 3?[0m
?[1;31m
Start test 4?[0m
?[1;31m
Start test 5?[0m
?[1;31m
Start test 6?[0m
?[1;31m
Start test 7?[0m
?[1;31m
Start test 8?[0m
?[1;31m
Start test 9?[0m
?[1;31m
Start test 10?[0m
?[1;31m
Start test 11?[0m
?[1;31m
Start test 12?[0m
?[1;31m
Start test 13?[0m
?[1;31m
Start test 14?[0m
?[1;31m
Start test 15?[0m
?[1;31m
Start test 16?[0m
?[1;31m
Start test 17?[0m
?[1;31m
Start test 18?[0m
?[1;31m
Start test 19?[0m
?[1;31m
Start test 20?[0m
?[1;31m
Start test 21?[0m
?[1;31m
Start test 22?[0m
]]></system-out>
  <system-err><![CDATA[]]></system-err>
</testsuite>
