<?xml version="1.0" encoding="UTF-8"?>
<testsuite name="RecipesApplicationTest" tests="1" skipped="0" failures="0" errors="0" timestamp="2022-03-06T15:59:48" hostname="DESKTOP-L7B3B4M" time="13.296">
  <properties/>
  <testcase name="start" classname="RecipesApplicationTest" time="13.296"/>
  <system-out><![CDATA[?[1;31m
Start test 1?[0m
██████╗ ███████╗ ██████╗██╗██████╗ ███████╗███████╗
██╔══██╗██╔════╝██╔════╝██║██╔══██╗██╔════╝██╔════╝
██████╔╝█████╗  ██║     ██║██████╔╝█████╗  ███████╗
██╔══██╗██╔══╝  ██║     ██║██╔═══╝ ██╔══╝  ╚════██║
██║  ██║███████╗╚██████╗██║██║     ███████╗███████║
╚═╝  ╚═╝╚══════╝ ╚═════╝╚═╝╚═╝     ╚══════╝╚══════╝
2022-03-06 18:59:49.427  INFO 8288 --- [    Test worker] recipes.RecipesApplication               : Starting RecipesApplication using Java 17.0.1 on DESKTOP-L7B3B4M with PID 8288 (started by matro in C:\Users\matro\Documents\IdeaProjects\Recipes1\Recipes\task)
2022-03-06 18:59:49.427  INFO 8288 --- [    Test worker] recipes.RecipesApplication               : No active profile set, falling back to default profiles: default
2022-03-06 18:59:51.191  INFO 8288 --- [    Test worker] .s.d.r.c.RepositoryConfigurationDelegate : Bootstrapping Spring Data JPA repositories in DEFAULT mode.
2022-03-06 18:59:51.269  INFO 8288 --- [    Test worker] .s.d.r.c.RepositoryConfigurationDelegate : Finished Spring Data repository scanning in 63 ms. Found 1 JPA repository interfaces.
2022-03-06 18:59:52.414  INFO 8288 --- [    Test worker] o.s.b.w.embedded.tomcat.TomcatWebServer  : Tomcat initialized with port(s): 8881 (http)
2022-03-06 18:59:52.429  INFO 8288 --- [    Test worker] o.apache.catalina.core.StandardService   : Starting service [Tomcat]
2022-03-06 18:59:52.429  INFO 8288 --- [    Test worker] org.apache.catalina.core.StandardEngine  : Starting Servlet engine: [Apache Tomcat/9.0.54]
2022-03-06 18:59:52.632  INFO 8288 --- [    Test worker] o.a.c.c.C.[Tomcat].[localhost].[/]       : Initializing Spring embedded WebApplicationContext
2022-03-06 18:59:52.649  INFO 8288 --- [    Test worker] w.s.c.ServletWebServerApplicationContext : Root WebApplicationContext: initialization completed in 3151 ms
2022-03-06 18:59:52.962  INFO 8288 --- [    Test worker] com.zaxxer.hikari.HikariDataSource       : HikariPool-1 - Starting...
2022-03-06 18:59:53.429  INFO 8288 --- [    Test worker] com.zaxxer.hikari.HikariDataSource       : HikariPool-1 - Start completed.
2022-03-06 18:59:53.429  INFO 8288 --- [    Test worker] o.s.b.a.h2.H2ConsoleAutoConfiguration    : H2 console available at '/h2'. Database available at 'jdbc:h2:file:../recipes_db'
2022-03-06 18:59:53.991  INFO 8288 --- [    Test worker] o.hibernate.jpa.internal.util.LogHelper  : HHH000204: Processing PersistenceUnitInfo [name: default]
2022-03-06 18:59:54.085  INFO 8288 --- [    Test worker] org.hibernate.Version                    : HHH000412: Hibernate ORM core version 5.4.32.Final
2022-03-06 18:59:54.319  INFO 8288 --- [    Test worker] o.hibernate.annotations.common.Version   : HCANN000001: Hibernate Commons Annotations {5.1.2.Final}
2022-03-06 18:59:54.506  INFO 8288 --- [    Test worker] org.hibernate.dialect.Dialect            : HHH000400: Using dialect: org.hibernate.dialect.H2Dialect
Hibernate: create table table_directions (direction_id bigint not null, directions varchar(255))
Hibernate: create table table_ingredients (ingredient_id bigint not null, ingredients varchar(255))
Hibernate: create table table_recipes (recipe_id bigint not null, category varchar(255), date timestamp, description varchar(255), name varchar(255), primary key (recipe_id))
Hibernate: create sequence hibernate_sequence start with 1 increment by 1
Hibernate: alter table table_directions add constraint FKq7jfvm97hr48ksoynp77bby29 foreign key (direction_id) references table_recipes
Hibernate: alter table table_ingredients add constraint FKkb0nk2jc8fm5nm6opde7xdxjo foreign key (ingredient_id) references table_recipes
2022-03-06 18:59:55.560  INFO 8288 --- [    Test worker] o.h.e.t.j.p.i.JtaPlatformInitiator       : HHH000490: Using JtaPlatform implementation: [org.hibernate.engine.transaction.jta.platform.internal.NoJtaPlatform]
2022-03-06 18:59:55.576  INFO 8288 --- [    Test worker] j.LocalContainerEntityManagerFactoryBean : Initialized JPA EntityManagerFactory for persistence unit 'default'
2022-03-06 18:59:56.187  WARN 8288 --- [    Test worker] JpaBaseConfiguration$JpaWebConfiguration : spring.jpa.open-in-view is enabled by default. Therefore, database queries may be performed during view rendering. Explicitly configure spring.jpa.open-in-view to disable this warning
2022-03-06 18:59:56.834  INFO 8288 --- [    Test worker] o.s.b.a.e.web.EndpointLinksResolver      : Exposing 14 endpoint(s) beneath base path '/actuator'
2022-03-06 18:59:56.900  INFO 8288 --- [    Test worker] o.s.b.w.embedded.tomcat.TomcatWebServer  : Tomcat started on port(s): 8881 (http) with context path ''
2022-03-06 18:59:56.915  INFO 8288 --- [    Test worker] recipes.RecipesApplication               : Started RecipesApplication in 8.195 seconds (JVM running for 9.277)
2022-03-06 18:59:57.306  INFO 8288 --- [nio-8881-exec-1] o.a.c.c.C.[Tomcat].[localhost].[/]       : Initializing Spring DispatcherServlet 'dispatcherServlet'
2022-03-06 18:59:57.306  INFO 8288 --- [nio-8881-exec-1] o.s.web.servlet.DispatcherServlet        : Initializing Servlet 'dispatcherServlet'
2022-03-06 18:59:57.306  INFO 8288 --- [nio-8881-exec-1] o.s.web.servlet.DispatcherServlet        : Completed initialization in 0 ms
Hibernate: call next value for hibernate_sequence
Hibernate: insert into table_recipes (category, date, description, name, recipe_id) values (?, ?, ?, ?, ?)
Hibernate: insert into table_directions (direction_id, directions) values (?, ?)
Hibernate: insert into table_directions (direction_id, directions) values (?, ?)
Hibernate: insert into table_directions (direction_id, directions) values (?, ?)
Hibernate: insert into table_directions (direction_id, directions) values (?, ?)
Hibernate: insert into table_directions (direction_id, directions) values (?, ?)
Hibernate: insert into table_ingredients (ingredient_id, ingredients) values (?, ?)
Hibernate: insert into table_ingredients (ingredient_id, ingredients) values (?, ?)
Hibernate: insert into table_ingredients (ingredient_id, ingredients) values (?, ?)
?[1;31m
Start test 2?[0m
Hibernate: call next value for hibernate_sequence
Hibernate: insert into table_recipes (category, date, description, name, recipe_id) values (?, ?, ?, ?, ?)
Hibernate: insert into table_directions (direction_id, directions) values (?, ?)
Hibernate: insert into table_directions (direction_id, directions) values (?, ?)
Hibernate: insert into table_directions (direction_id, directions) values (?, ?)
Hibernate: insert into table_ingredients (ingredient_id, ingredients) values (?, ?)
Hibernate: insert into table_ingredients (ingredient_id, ingredients) values (?, ?)
Hibernate: insert into table_ingredients (ingredient_id, ingredients) values (?, ?)
?[1;31m
Start test 3?[0m
Hibernate: select recipe0_.recipe_id as recipe_i1_2_0_, recipe0_.category as category2_2_0_, recipe0_.date as date3_2_0_, recipe0_.description as descript4_2_0_, recipe0_.name as name5_2_0_ from table_recipes recipe0_ where recipe0_.recipe_id=?
Hibernate: select ingredient0_.ingredient_id as ingredie1_1_0_, ingredient0_.ingredients as ingredie2_1_0_ from table_ingredients ingredient0_ where ingredient0_.ingredient_id=?
Hibernate: select directions0_.direction_id as directio1_0_0_, directions0_.directions as directio2_0_0_ from table_directions directions0_ where directions0_.direction_id=?
?[1;31m
Start test 4?[0m
Hibernate: select recipe0_.recipe_id as recipe_i1_2_0_, recipe0_.category as category2_2_0_, recipe0_.date as date3_2_0_, recipe0_.description as descript4_2_0_, recipe0_.name as name5_2_0_ from table_recipes recipe0_ where recipe0_.recipe_id=?
Hibernate: select ingredient0_.ingredient_id as ingredie1_1_0_, ingredient0_.ingredients as ingredie2_1_0_ from table_ingredients ingredient0_ where ingredient0_.ingredient_id=?
Hibernate: select directions0_.direction_id as directio1_0_0_, directions0_.directions as directio2_0_0_ from table_directions directions0_ where directions0_.direction_id=?
?[1;31m
Start test 5?[0m
2022-03-06 18:59:58.384  INFO 8288 --- [       Thread-5] j.LocalContainerEntityManagerFactoryBean : Closing JPA EntityManagerFactory for persistence unit 'default'
2022-03-06 18:59:58.384  INFO 8288 --- [       Thread-5] com.zaxxer.hikari.HikariDataSource       : HikariPool-1 - Shutdown initiated...
2022-03-06 18:59:58.416  INFO 8288 --- [       Thread-5] com.zaxxer.hikari.HikariDataSource       : HikariPool-1 - Shutdown completed.
██████╗ ███████╗ ██████╗██╗██████╗ ███████╗███████╗
██╔══██╗██╔════╝██╔════╝██║██╔══██╗██╔════╝██╔════╝
██████╔╝█████╗  ██║     ██║██████╔╝█████╗  ███████╗
██╔══██╗██╔══╝  ██║     ██║██╔═══╝ ██╔══╝  ╚════██║
██║  ██║███████╗╚██████╗██║██║     ███████╗███████║
╚═╝  ╚═╝╚══════╝ ╚═════╝╚═╝╚═╝     ╚══════╝╚══════╝
2022-03-06 18:59:58.557  INFO 8288 --- [    Test worker] recipes.RecipesApplication               : Starting RecipesApplication using Java 17.0.1 on DESKTOP-L7B3B4M with PID 8288 (started by matro in C:\Users\matro\Documents\IdeaProjects\Recipes1\Recipes\task)
2022-03-06 18:59:58.557  INFO 8288 --- [    Test worker] recipes.RecipesApplication               : No active profile set, falling back to default profiles: default
2022-03-06 18:59:59.069  INFO 8288 --- [    Test worker] .s.d.r.c.RepositoryConfigurationDelegate : Bootstrapping Spring Data JPA repositories in DEFAULT mode.
2022-03-06 18:59:59.084  INFO 8288 --- [    Test worker] .s.d.r.c.RepositoryConfigurationDelegate : Finished Spring Data repository scanning in 7 ms. Found 1 JPA repository interfaces.
2022-03-06 18:59:59.209  INFO 8288 --- [    Test worker] o.s.b.w.embedded.tomcat.TomcatWebServer  : Tomcat initialized with port(s): 8881 (http)
2022-03-06 18:59:59.209  INFO 8288 --- [    Test worker] o.apache.catalina.core.StandardService   : Starting service [Tomcat]
2022-03-06 18:59:59.209  INFO 8288 --- [    Test worker] org.apache.catalina.core.StandardEngine  : Starting Servlet engine: [Apache Tomcat/9.0.54]
2022-03-06 18:59:59.256  INFO 8288 --- [    Test worker] o.a.c.c.C.[Tomcat].[localhost].[/]       : Initializing Spring embedded WebApplicationContext
2022-03-06 18:59:59.256  INFO 8288 --- [    Test worker] w.s.c.ServletWebServerApplicationContext : Root WebApplicationContext: initialization completed in 699 ms
2022-03-06 18:59:59.319  INFO 8288 --- [    Test worker] com.zaxxer.hikari.HikariDataSource       : HikariPool-2 - Starting...
2022-03-06 18:59:59.335  INFO 8288 --- [    Test worker] com.zaxxer.hikari.HikariDataSource       : HikariPool-2 - Start completed.
2022-03-06 18:59:59.335  INFO 8288 --- [    Test worker] o.s.b.a.h2.H2ConsoleAutoConfiguration    : H2 console available at '/h2'. Database available at 'jdbc:h2:file:../recipes_db'
2022-03-06 18:59:59.397  INFO 8288 --- [    Test worker] o.hibernate.jpa.internal.util.LogHelper  : HHH000204: Processing PersistenceUnitInfo [name: default]
2022-03-06 18:59:59.413  INFO 8288 --- [    Test worker] org.hibernate.dialect.Dialect            : HHH000400: Using dialect: org.hibernate.dialect.H2Dialect
2022-03-06 18:59:59.585  INFO 8288 --- [    Test worker] o.h.e.t.j.p.i.JtaPlatformInitiator       : HHH000490: Using JtaPlatform implementation: [org.hibernate.engine.transaction.jta.platform.internal.NoJtaPlatform]
2022-03-06 18:59:59.585  INFO 8288 --- [    Test worker] j.LocalContainerEntityManagerFactoryBean : Initialized JPA EntityManagerFactory for persistence unit 'default'
2022-03-06 18:59:59.725  WARN 8288 --- [    Test worker] JpaBaseConfiguration$JpaWebConfiguration : spring.jpa.open-in-view is enabled by default. Therefore, database queries may be performed during view rendering. Explicitly configure spring.jpa.open-in-view to disable this warning
2022-03-06 19:00:00.241  INFO 8288 --- [    Test worker] o.s.b.a.e.web.EndpointLinksResolver      : Exposing 14 endpoint(s) beneath base path '/actuator'
2022-03-06 19:00:00.241  INFO 8288 --- [    Test worker] o.s.b.w.embedded.tomcat.TomcatWebServer  : Tomcat started on port(s): 8881 (http) with context path ''
2022-03-06 19:00:00.256  INFO 8288 --- [    Test worker] recipes.RecipesApplication               : Started RecipesApplication in 1.752 seconds (JVM running for 12.621)
?[1;31m
Start test 6?[0m
2022-03-06 19:00:00.272  INFO 8288 --- [nio-8881-exec-1] o.a.c.c.C.[Tomcat].[localhost].[/]       : Initializing Spring DispatcherServlet 'dispatcherServlet'
2022-03-06 19:00:00.272  INFO 8288 --- [nio-8881-exec-1] o.s.web.servlet.DispatcherServlet        : Initializing Servlet 'dispatcherServlet'
2022-03-06 19:00:00.272  INFO 8288 --- [nio-8881-exec-1] o.s.web.servlet.DispatcherServlet        : Completed initialization in 0 ms
Hibernate: select recipe0_.recipe_id as recipe_i1_2_0_, recipe0_.category as category2_2_0_, recipe0_.date as date3_2_0_, recipe0_.description as descript4_2_0_, recipe0_.name as name5_2_0_ from table_recipes recipe0_ where recipe0_.recipe_id=?
Hibernate: select ingredient0_.ingredient_id as ingredie1_1_0_, ingredient0_.ingredients as ingredie2_1_0_ from table_ingredients ingredient0_ where ingredient0_.ingredient_id=?
Hibernate: select directions0_.direction_id as directio1_0_0_, directions0_.directions as directio2_0_0_ from table_directions directions0_ where directions0_.direction_id=?
?[1;31m
Start test 7?[0m
Hibernate: select recipe0_.recipe_id as recipe_i1_2_0_, recipe0_.category as category2_2_0_, recipe0_.date as date3_2_0_, recipe0_.description as descript4_2_0_, recipe0_.name as name5_2_0_ from table_recipes recipe0_ where recipe0_.recipe_id=?
Hibernate: select ingredient0_.ingredient_id as ingredie1_1_0_, ingredient0_.ingredients as ingredie2_1_0_ from table_ingredients ingredient0_ where ingredient0_.ingredient_id=?
Hibernate: select directions0_.direction_id as directio1_0_0_, directions0_.directions as directio2_0_0_ from table_directions directions0_ where directions0_.direction_id=?
?[1;31m
Start test 8?[0m
Hibernate: select recipe0_.recipe_id as recipe_i1_2_0_, recipe0_.category as category2_2_0_, recipe0_.date as date3_2_0_, recipe0_.description as descript4_2_0_, recipe0_.name as name5_2_0_ from table_recipes recipe0_ where recipe0_.recipe_id=?
Hibernate: update table_recipes set category=?, date=?, description=?, name=? where recipe_id=?
Hibernate: delete from table_directions where direction_id=?
Hibernate: delete from table_ingredients where ingredient_id=?
Hibernate: insert into table_directions (direction_id, directions) values (?, ?)
Hibernate: insert into table_directions (direction_id, directions) values (?, ?)
Hibernate: insert into table_directions (direction_id, directions) values (?, ?)
Hibernate: insert into table_ingredients (ingredient_id, ingredients) values (?, ?)
Hibernate: insert into table_ingredients (ingredient_id, ingredients) values (?, ?)
Hibernate: insert into table_ingredients (ingredient_id, ingredients) values (?, ?)
?[1;31m
Start test 9?[0m
Hibernate: select recipe0_.recipe_id as recipe_i1_2_0_, recipe0_.category as category2_2_0_, recipe0_.date as date3_2_0_, recipe0_.description as descript4_2_0_, recipe0_.name as name5_2_0_ from table_recipes recipe0_ where recipe0_.recipe_id=?
Hibernate: select ingredient0_.ingredient_id as ingredie1_1_0_, ingredient0_.ingredients as ingredie2_1_0_ from table_ingredients ingredient0_ where ingredient0_.ingredient_id=?
Hibernate: select directions0_.direction_id as directio1_0_0_, directions0_.directions as directio2_0_0_ from table_directions directions0_ where directions0_.direction_id=?
?[1;31m
Start test 10?[0m
Hibernate: select recipe0_.recipe_id as recipe_i1_2_0_, recipe0_.category as category2_2_0_, recipe0_.date as date3_2_0_, recipe0_.description as descript4_2_0_, recipe0_.name as name5_2_0_ from table_recipes recipe0_ where recipe0_.recipe_id=?
Hibernate: delete from table_directions where direction_id=?
Hibernate: delete from table_ingredients where ingredient_id=?
Hibernate: delete from table_recipes where recipe_id=?
?[1;31m
Start test 11?[0m
Hibernate: select recipe0_.recipe_id as recipe_i1_2_0_, recipe0_.category as category2_2_0_, recipe0_.date as date3_2_0_, recipe0_.description as descript4_2_0_, recipe0_.name as name5_2_0_ from table_recipes recipe0_ where recipe0_.recipe_id=?
?[1;31m
Start test 12?[0m
Hibernate: select recipe0_.recipe_id as recipe_i1_2_0_, recipe0_.category as category2_2_0_, recipe0_.date as date3_2_0_, recipe0_.description as descript4_2_0_, recipe0_.name as name5_2_0_ from table_recipes recipe0_ where recipe0_.recipe_id=?
?[1;31m
Start test 13?[0m
Hibernate: select recipe0_.recipe_id as recipe_i1_2_0_, recipe0_.category as category2_2_0_, recipe0_.date as date3_2_0_, recipe0_.description as descript4_2_0_, recipe0_.name as name5_2_0_ from table_recipes recipe0_ where recipe0_.recipe_id=?
?[1;31m
Start test 14?[0m
Hibernate: call next value for hibernate_sequence
Hibernate: insert into table_recipes (category, date, description, name, recipe_id) values (?, ?, ?, ?, ?)
Hibernate: insert into table_directions (direction_id, directions) values (?, ?)
Hibernate: insert into table_directions (direction_id, directions) values (?, ?)
Hibernate: insert into table_ingredients (ingredient_id, ingredients) values (?, ?)
Hibernate: insert into table_ingredients (ingredient_id, ingredients) values (?, ?)
Hibernate: insert into table_ingredients (ingredient_id, ingredients) values (?, ?)
?[1;31m
Start test 15?[0m
Hibernate: call next value for hibernate_sequence
Hibernate: insert into table_recipes (category, date, description, name, recipe_id) values (?, ?, ?, ?, ?)
Hibernate: insert into table_directions (direction_id, directions) values (?, ?)
Hibernate: insert into table_directions (direction_id, directions) values (?, ?)
Hibernate: insert into table_directions (direction_id, directions) values (?, ?)
Hibernate: insert into table_ingredients (ingredient_id, ingredients) values (?, ?)
Hibernate: insert into table_ingredients (ingredient_id, ingredients) values (?, ?)
Hibernate: insert into table_ingredients (ingredient_id, ingredients) values (?, ?)
?[1;31m
Start test 16?[0m
Hibernate: call next value for hibernate_sequence
Hibernate: insert into table_recipes (category, date, description, name, recipe_id) values (?, ?, ?, ?, ?)
Hibernate: insert into table_directions (direction_id, directions) values (?, ?)
Hibernate: insert into table_directions (direction_id, directions) values (?, ?)
Hibernate: insert into table_directions (direction_id, directions) values (?, ?)
Hibernate: insert into table_ingredients (ingredient_id, ingredients) values (?, ?)
Hibernate: insert into table_ingredients (ingredient_id, ingredients) values (?, ?)
Hibernate: insert into table_ingredients (ingredient_id, ingredients) values (?, ?)
?[1;31m
Start test 17?[0m
Hibernate: call next value for hibernate_sequence
Hibernate: insert into table_recipes (category, date, description, name, recipe_id) values (?, ?, ?, ?, ?)
Hibernate: insert into table_directions (direction_id, directions) values (?, ?)
Hibernate: insert into table_directions (direction_id, directions) values (?, ?)
Hibernate: insert into table_ingredients (ingredient_id, ingredients) values (?, ?)
Hibernate: insert into table_ingredients (ingredient_id, ingredients) values (?, ?)
Hibernate: insert into table_ingredients (ingredient_id, ingredients) values (?, ?)
?[1;31m
Start test 18?[0m
Hibernate: call next value for hibernate_sequence
Hibernate: insert into table_recipes (category, date, description, name, recipe_id) values (?, ?, ?, ?, ?)
Hibernate: insert into table_directions (direction_id, directions) values (?, ?)
Hibernate: insert into table_directions (direction_id, directions) values (?, ?)
Hibernate: insert into table_directions (direction_id, directions) values (?, ?)
Hibernate: insert into table_ingredients (ingredient_id, ingredients) values (?, ?)
Hibernate: insert into table_ingredients (ingredient_id, ingredients) values (?, ?)
Hibernate: insert into table_ingredients (ingredient_id, ingredients) values (?, ?)
?[1;31m
Start test 19?[0m
Hibernate: call next value for hibernate_sequence
Hibernate: insert into table_recipes (category, date, description, name, recipe_id) values (?, ?, ?, ?, ?)
Hibernate: insert into table_directions (direction_id, directions) values (?, ?)
Hibernate: insert into table_directions (direction_id, directions) values (?, ?)
Hibernate: insert into table_directions (direction_id, directions) values (?, ?)
Hibernate: insert into table_ingredients (ingredient_id, ingredients) values (?, ?)
Hibernate: insert into table_ingredients (ingredient_id, ingredients) values (?, ?)
?[1;31m
Start test 20?[0m
Hibernate: call next value for hibernate_sequence
Hibernate: insert into table_recipes (category, date, description, name, recipe_id) values (?, ?, ?, ?, ?)
Hibernate: insert into table_directions (direction_id, directions) values (?, ?)
Hibernate: insert into table_directions (direction_id, directions) values (?, ?)
Hibernate: insert into table_directions (direction_id, directions) values (?, ?)
Hibernate: insert into table_ingredients (ingredient_id, ingredients) values (?, ?)
Hibernate: insert into table_ingredients (ingredient_id, ingredients) values (?, ?)
Hibernate: insert into table_ingredients (ingredient_id, ingredients) values (?, ?)
?[1;31m
Start test 21?[0m
Hibernate: call next value for hibernate_sequence
Hibernate: insert into table_recipes (category, date, description, name, recipe_id) values (?, ?, ?, ?, ?)
Hibernate: insert into table_directions (direction_id, directions) values (?, ?)
Hibernate: insert into table_directions (direction_id, directions) values (?, ?)
Hibernate: insert into table_ingredients (ingredient_id, ingredients) values (?, ?)
Hibernate: insert into table_ingredients (ingredient_id, ingredients) values (?, ?)
Hibernate: insert into table_ingredients (ingredient_id, ingredients) values (?, ?)
?[1;31m
Start test 22?[0m
Hibernate: call next value for hibernate_sequence
Hibernate: insert into table_recipes (category, date, description, name, recipe_id) values (?, ?, ?, ?, ?)
Hibernate: insert into table_directions (direction_id, directions) values (?, ?)
Hibernate: insert into table_directions (direction_id, directions) values (?, ?)
Hibernate: insert into table_directions (direction_id, directions) values (?, ?)
Hibernate: insert into table_ingredients (ingredient_id, ingredients) values (?, ?)
Hibernate: insert into table_ingredients (ingredient_id, ingredients) values (?, ?)
?[1;31m
Start test 23?[0m
Hibernate: call next value for hibernate_sequence
Hibernate: insert into table_recipes (category, date, description, name, recipe_id) values (?, ?, ?, ?, ?)
Hibernate: insert into table_directions (direction_id, directions) values (?, ?)
Hibernate: insert into table_directions (direction_id, directions) values (?, ?)
Hibernate: insert into table_ingredients (ingredient_id, ingredients) values (?, ?)
Hibernate: insert into table_ingredients (ingredient_id, ingredients) values (?, ?)
Hibernate: insert into table_ingredients (ingredient_id, ingredients) values (?, ?)
?[1;31m
Start test 24?[0m
Hibernate: call next value for hibernate_sequence
Hibernate: insert into table_recipes (category, date, description, name, recipe_id) values (?, ?, ?, ?, ?)
Hibernate: insert into table_directions (direction_id, directions) values (?, ?)
Hibernate: insert into table_directions (direction_id, directions) values (?, ?)
Hibernate: insert into table_directions (direction_id, directions) values (?, ?)
Hibernate: insert into table_ingredients (ingredient_id, ingredients) values (?, ?)
Hibernate: insert into table_ingredients (ingredient_id, ingredients) values (?, ?)
?[1;31m
Start test 25?[0m
Hibernate: call next value for hibernate_sequence
Hibernate: insert into table_recipes (category, date, description, name, recipe_id) values (?, ?, ?, ?, ?)
Hibernate: insert into table_directions (direction_id, directions) values (?, ?)
Hibernate: insert into table_directions (direction_id, directions) values (?, ?)
Hibernate: insert into table_directions (direction_id, directions) values (?, ?)
Hibernate: insert into table_ingredients (ingredient_id, ingredients) values (?, ?)
Hibernate: insert into table_ingredients (ingredient_id, ingredients) values (?, ?)
?[1;31m
Start test 26?[0m
Hibernate: call next value for hibernate_sequence
Hibernate: insert into table_recipes (category, date, description, name, recipe_id) values (?, ?, ?, ?, ?)
Hibernate: insert into table_directions (direction_id, directions) values (?, ?)
Hibernate: insert into table_directions (direction_id, directions) values (?, ?)
Hibernate: insert into table_ingredients (ingredient_id, ingredients) values (?, ?)
Hibernate: insert into table_ingredients (ingredient_id, ingredients) values (?, ?)
Hibernate: insert into table_ingredients (ingredient_id, ingredients) values (?, ?)
?[1;31m
Start test 27?[0m
Hibernate: select recipe0_.recipe_id as recipe_i1_2_, recipe0_.category as category2_2_, recipe0_.date as date3_2_, recipe0_.description as descript4_2_, recipe0_.name as name5_2_ from table_recipes recipe0_ where upper(recipe0_.category)=upper(?) order by recipe0_.date desc
Hibernate: select ingredient0_.ingredient_id as ingredie1_1_0_, ingredient0_.ingredients as ingredie2_1_0_ from table_ingredients ingredient0_ where ingredient0_.ingredient_id=?
Hibernate: select directions0_.direction_id as directio1_0_0_, directions0_.directions as directio2_0_0_ from table_directions directions0_ where directions0_.direction_id=?
Hibernate: select ingredient0_.ingredient_id as ingredie1_1_0_, ingredient0_.ingredients as ingredie2_1_0_ from table_ingredients ingredient0_ where ingredient0_.ingredient_id=?
Hibernate: select directions0_.direction_id as directio1_0_0_, directions0_.directions as directio2_0_0_ from table_directions directions0_ where directions0_.direction_id=?
Hibernate: select ingredient0_.ingredient_id as ingredie1_1_0_, ingredient0_.ingredients as ingredie2_1_0_ from table_ingredients ingredient0_ where ingredient0_.ingredient_id=?
Hibernate: select directions0_.direction_id as directio1_0_0_, directions0_.directions as directio2_0_0_ from table_directions directions0_ where directions0_.direction_id=?
Hibernate: select ingredient0_.ingredient_id as ingredie1_1_0_, ingredient0_.ingredients as ingredie2_1_0_ from table_ingredients ingredient0_ where ingredient0_.ingredient_id=?
Hibernate: select directions0_.direction_id as directio1_0_0_, directions0_.directions as directio2_0_0_ from table_directions directions0_ where directions0_.direction_id=?
Hibernate: select ingredient0_.ingredient_id as ingredie1_1_0_, ingredient0_.ingredients as ingredie2_1_0_ from table_ingredients ingredient0_ where ingredient0_.ingredient_id=?
Hibernate: select directions0_.direction_id as directio1_0_0_, directions0_.directions as directio2_0_0_ from table_directions directions0_ where directions0_.direction_id=?
Hibernate: select ingredient0_.ingredient_id as ingredie1_1_0_, ingredient0_.ingredients as ingredie2_1_0_ from table_ingredients ingredient0_ where ingredient0_.ingredient_id=?
Hibernate: select directions0_.direction_id as directio1_0_0_, directions0_.directions as directio2_0_0_ from table_directions directions0_ where directions0_.direction_id=?
Hibernate: select ingredient0_.ingredient_id as ingredie1_1_0_, ingredient0_.ingredients as ingredie2_1_0_ from table_ingredients ingredient0_ where ingredient0_.ingredient_id=?
Hibernate: select directions0_.direction_id as directio1_0_0_, directions0_.directions as directio2_0_0_ from table_directions directions0_ where directions0_.direction_id=?
?[1;31m
Start test 28?[0m
Hibernate: select recipe0_.recipe_id as recipe_i1_2_, recipe0_.category as category2_2_, recipe0_.date as date3_2_, recipe0_.description as descript4_2_, recipe0_.name as name5_2_ from table_recipes recipe0_ where upper(recipe0_.name) like upper(?) escape ? order by recipe0_.date desc
Hibernate: select ingredient0_.ingredient_id as ingredie1_1_0_, ingredient0_.ingredients as ingredie2_1_0_ from table_ingredients ingredient0_ where ingredient0_.ingredient_id=?
Hibernate: select directions0_.direction_id as directio1_0_0_, directions0_.directions as directio2_0_0_ from table_directions directions0_ where directions0_.direction_id=?
Hibernate: select ingredient0_.ingredient_id as ingredie1_1_0_, ingredient0_.ingredients as ingredie2_1_0_ from table_ingredients ingredient0_ where ingredient0_.ingredient_id=?
Hibernate: select directions0_.direction_id as directio1_0_0_, directions0_.directions as directio2_0_0_ from table_directions directions0_ where directions0_.direction_id=?
Hibernate: select ingredient0_.ingredient_id as ingredie1_1_0_, ingredient0_.ingredients as ingredie2_1_0_ from table_ingredients ingredient0_ where ingredient0_.ingredient_id=?
Hibernate: select directions0_.direction_id as directio1_0_0_, directions0_.directions as directio2_0_0_ from table_directions directions0_ where directions0_.direction_id=?
Hibernate: select ingredient0_.ingredient_id as ingredie1_1_0_, ingredient0_.ingredients as ingredie2_1_0_ from table_ingredients ingredient0_ where ingredient0_.ingredient_id=?
Hibernate: select directions0_.direction_id as directio1_0_0_, directions0_.directions as directio2_0_0_ from table_directions directions0_ where directions0_.direction_id=?
Hibernate: select ingredient0_.ingredient_id as ingredie1_1_0_, ingredient0_.ingredients as ingredie2_1_0_ from table_ingredients ingredient0_ where ingredient0_.ingredient_id=?
Hibernate: select directions0_.direction_id as directio1_0_0_, directions0_.directions as directio2_0_0_ from table_directions directions0_ where directions0_.direction_id=?
Hibernate: select ingredient0_.ingredient_id as ingredie1_1_0_, ingredient0_.ingredients as ingredie2_1_0_ from table_ingredients ingredient0_ where ingredient0_.ingredient_id=?
Hibernate: select directions0_.direction_id as directio1_0_0_, directions0_.directions as directio2_0_0_ from table_directions directions0_ where directions0_.direction_id=?
?[1;31m
Start test 29?[0m
Hibernate: select recipe0_.recipe_id as recipe_i1_2_, recipe0_.category as category2_2_, recipe0_.date as date3_2_, recipe0_.description as descript4_2_, recipe0_.name as name5_2_ from table_recipes recipe0_ where upper(recipe0_.category)=upper(?) order by recipe0_.date desc
?[1;31m
Start test 30?[0m
Hibernate: select recipe0_.recipe_id as recipe_i1_2_, recipe0_.category as category2_2_, recipe0_.date as date3_2_, recipe0_.description as descript4_2_, recipe0_.name as name5_2_ from table_recipes recipe0_ where upper(recipe0_.name) like upper(?) escape ? order by recipe0_.date desc
?[1;31m
Start test 31?[0m
?[1;31m
Start test 32?[0m
?[1;31m
Start test 33?[0m
?[1;31m
Start test 34?[0m
?[1;31m
Start test 35?[0m
2022-03-06 19:00:01.367  WARN 8288 --- [nio-8881-exec-2] .w.s.m.s.DefaultHandlerExceptionResolver : Resolved [org.springframework.web.bind.MethodArgumentNotValidException: Validation failed for argument [0] in public org.springframework.http.ResponseEntity<java.util.Map<java.lang.String, java.lang.Long>> recipes.controller.RecipeController.createRecipe(recipes.domain.Recipe): [Field error in object 'recipe' on field 'name': rejected value [null]; codes [NotBlank.recipe.name,NotBlank.name,NotBlank.java.lang.String,NotBlank]; arguments [org.springframework.context.support.DefaultMessageSourceResolvable: codes [recipe.name,name]; arguments []; default message [name]]; default message [name can not blank]] ]
?[1;31m
Start test 36?[0m
2022-03-06 19:00:01.391  WARN 8288 --- [nio-8881-exec-4] .w.s.m.s.DefaultHandlerExceptionResolver : Resolved [org.springframework.web.bind.MethodArgumentNotValidException: Validation failed for argument [0] in public org.springframework.http.ResponseEntity<java.util.Map<java.lang.String, java.lang.Long>> recipes.controller.RecipeController.createRecipe(recipes.domain.Recipe): [Field error in object 'recipe' on field 'category': rejected value [null]; codes [NotBlank.recipe.category,NotBlank.category,NotBlank.java.lang.String,NotBlank]; arguments [org.springframework.context.support.DefaultMessageSourceResolvable: codes [recipe.category,category]; arguments []; default message [category]]; default message [category can not blank]] ]
?[1;31m
Start test 37?[0m
2022-03-06 19:00:01.407  WARN 8288 --- [nio-8881-exec-5] .w.s.m.s.DefaultHandlerExceptionResolver : Resolved [org.springframework.web.bind.MethodArgumentNotValidException: Validation failed for argument [0] in public org.springframework.http.ResponseEntity<java.util.Map<java.lang.String, java.lang.Long>> recipes.controller.RecipeController.createRecipe(recipes.domain.Recipe): [Field error in object 'recipe' on field 'description': rejected value [null]; codes [NotBlank.recipe.description,NotBlank.description,NotBlank.java.lang.String,NotBlank]; arguments [org.springframework.context.support.DefaultMessageSourceResolvable: codes [recipe.description,description]; arguments []; default message [description]]; default message [description can not blank]] ]
?[1;31m
Start test 38?[0m
2022-03-06 19:00:01.418  WARN 8288 --- [nio-8881-exec-6] .w.s.m.s.DefaultHandlerExceptionResolver : Resolved [org.springframework.web.bind.MethodArgumentNotValidException: Validation failed for argument [0] in public org.springframework.http.ResponseEntity<java.util.Map<java.lang.String, java.lang.Long>> recipes.controller.RecipeController.createRecipe(recipes.domain.Recipe): [Field error in object 'recipe' on field 'ingredients': rejected value [null]; codes [NotEmpty.recipe.ingredients,NotEmpty.ingredients,NotEmpty.java.util.List,NotEmpty]; arguments [org.springframework.context.support.DefaultMessageSourceResolvable: codes [recipe.ingredients,ingredients]; arguments []; default message [ingredients]]; default message [ingredients can not empty]] ]
?[1;31m
Start test 39?[0m
2022-03-06 19:00:01.427  WARN 8288 --- [io-8881-exec-11] .w.s.m.s.DefaultHandlerExceptionResolver : Resolved [org.springframework.web.bind.MethodArgumentNotValidException: Validation failed for argument [0] in public org.springframework.http.ResponseEntity<java.util.Map<java.lang.String, java.lang.Long>> recipes.controller.RecipeController.createRecipe(recipes.domain.Recipe): [Field error in object 'recipe' on field 'directions': rejected value [null]; codes [NotEmpty.recipe.directions,NotEmpty.directions,NotEmpty.java.util.List,NotEmpty]; arguments [org.springframework.context.support.DefaultMessageSourceResolvable: codes [recipe.directions,directions]; arguments []; default message [directions]]; default message [directions can not empty]] ]
?[1;31m
Start test 40?[0m
2022-03-06 19:00:01.445  WARN 8288 --- [nio-8881-exec-7] .w.s.m.s.DefaultHandlerExceptionResolver : Resolved [org.springframework.web.bind.MethodArgumentNotValidException: Validation failed for argument [0] in public org.springframework.http.ResponseEntity<java.util.Map<java.lang.String, java.lang.Long>> recipes.controller.RecipeController.createRecipe(recipes.domain.Recipe): [Field error in object 'recipe' on field 'name': rejected value [  ]; codes [NotBlank.recipe.name,NotBlank.name,NotBlank.java.lang.String,NotBlank]; arguments [org.springframework.context.support.DefaultMessageSourceResolvable: codes [recipe.name,name]; arguments []; default message [name]]; default message [name can not blank]] ]
?[1;31m
Start test 41?[0m
2022-03-06 19:00:01.457  WARN 8288 --- [io-8881-exec-12] .w.s.m.s.DefaultHandlerExceptionResolver : Resolved [org.springframework.web.bind.MethodArgumentNotValidException: Validation failed for argument [0] in public org.springframework.http.ResponseEntity<java.util.Map<java.lang.String, java.lang.Long>> recipes.controller.RecipeController.createRecipe(recipes.domain.Recipe): [Field error in object 'recipe' on field 'category': rejected value [  ]; codes [NotBlank.recipe.category,NotBlank.category,NotBlank.java.lang.String,NotBlank]; arguments [org.springframework.context.support.DefaultMessageSourceResolvable: codes [recipe.category,category]; arguments []; default message [category]]; default message [category can not blank]] ]
?[1;31m
Start test 42?[0m
2022-03-06 19:00:01.468  WARN 8288 --- [io-8881-exec-13] .w.s.m.s.DefaultHandlerExceptionResolver : Resolved [org.springframework.web.bind.MethodArgumentNotValidException: Validation failed for argument [0] in public org.springframework.http.ResponseEntity<java.util.Map<java.lang.String, java.lang.Long>> recipes.controller.RecipeController.createRecipe(recipes.domain.Recipe): [Field error in object 'recipe' on field 'description': rejected value [  ]; codes [NotBlank.recipe.description,NotBlank.description,NotBlank.java.lang.String,NotBlank]; arguments [org.springframework.context.support.DefaultMessageSourceResolvable: codes [recipe.description,description]; arguments []; default message [description]]; default message [description can not blank]] ]
?[1;31m
Start test 43?[0m
2022-03-06 19:00:01.489  WARN 8288 --- [io-8881-exec-14] .w.s.m.s.DefaultHandlerExceptionResolver : Resolved [org.springframework.web.bind.MethodArgumentNotValidException: Validation failed for argument [0] in public org.springframework.http.ResponseEntity<java.util.Map<java.lang.String, java.lang.Long>> recipes.controller.RecipeController.createRecipe(recipes.domain.Recipe) with 2 errors: [Field error in object 'recipe' on field 'ingredients': rejected value [[]]; codes [NotEmpty.recipe.ingredients,NotEmpty.ingredients,NotEmpty.java.util.List,NotEmpty]; arguments [org.springframework.context.support.DefaultMessageSourceResolvable: codes [recipe.ingredients,ingredients]; arguments []; default message [ingredients]]; default message [ingredients can not empty]] [Field error in object 'recipe' on field 'ingredients': rejected value [[]]; codes [Size.recipe.ingredients,Size.ingredients,Size.java.util.List,Size]; arguments [org.springframework.context.support.DefaultMessageSourceResolvable: codes [recipe.ingredients,ingredients]; arguments []; default message [ingredients],2147483647,1]; default message [ingredients must >= 1]] ]
?[1;31m
Start test 44?[0m
2022-03-06 19:00:01.502  WARN 8288 --- [io-8881-exec-15] .w.s.m.s.DefaultHandlerExceptionResolver : Resolved [org.springframework.web.bind.MethodArgumentNotValidException: Validation failed for argument [0] in public org.springframework.http.ResponseEntity<java.util.Map<java.lang.String, java.lang.Long>> recipes.controller.RecipeController.createRecipe(recipes.domain.Recipe) with 2 errors: [Field error in object 'recipe' on field 'directions': rejected value [[]]; codes [NotEmpty.recipe.directions,NotEmpty.directions,NotEmpty.java.util.List,NotEmpty]; arguments [org.springframework.context.support.DefaultMessageSourceResolvable: codes [recipe.directions,directions]; arguments []; default message [directions]]; default message [directions can not empty]] [Field error in object 'recipe' on field 'directions': rejected value [[]]; codes [Size.recipe.directions,Size.directions,Size.java.util.List,Size]; arguments [org.springframework.context.support.DefaultMessageSourceResolvable: codes [recipe.directions,directions]; arguments []; default message [directions],2147483647,1]; default message [directions must >= 1]] ]
?[1;31m
Start test 45?[0m
2022-03-06 19:00:01.525  WARN 8288 --- [io-8881-exec-16] .w.s.m.s.DefaultHandlerExceptionResolver : Resolved [org.springframework.web.bind.MethodArgumentNotValidException: Validation failed for argument [1] in public org.springframework.http.ResponseEntity<org.springframework.http.HttpStatus> recipes.controller.RecipeController.updateRecipe(long,recipes.domain.Recipe): [Field error in object 'recipe' on field 'name': rejected value [null]; codes [NotBlank.recipe.name,NotBlank.name,NotBlank.java.lang.String,NotBlank]; arguments [org.springframework.context.support.DefaultMessageSourceResolvable: codes [recipe.name,name]; arguments []; default message [name]]; default message [name can not blank]] ]
?[1;31m
Start test 46?[0m
2022-03-06 19:00:01.540  WARN 8288 --- [io-8881-exec-17] .w.s.m.s.DefaultHandlerExceptionResolver : Resolved [org.springframework.web.bind.MethodArgumentNotValidException: Validation failed for argument [1] in public org.springframework.http.ResponseEntity<org.springframework.http.HttpStatus> recipes.controller.RecipeController.updateRecipe(long,recipes.domain.Recipe): [Field error in object 'recipe' on field 'category': rejected value [null]; codes [NotBlank.recipe.category,NotBlank.category,NotBlank.java.lang.String,NotBlank]; arguments [org.springframework.context.support.DefaultMessageSourceResolvable: codes [recipe.category,category]; arguments []; default message [category]]; default message [category can not blank]] ]
?[1;31m
Start test 47?[0m
2022-03-06 19:00:01.550  WARN 8288 --- [io-8881-exec-18] .w.s.m.s.DefaultHandlerExceptionResolver : Resolved [org.springframework.web.bind.MethodArgumentNotValidException: Validation failed for argument [1] in public org.springframework.http.ResponseEntity<org.springframework.http.HttpStatus> recipes.controller.RecipeController.updateRecipe(long,recipes.domain.Recipe): [Field error in object 'recipe' on field 'description': rejected value [null]; codes [NotBlank.recipe.description,NotBlank.description,NotBlank.java.lang.String,NotBlank]; arguments [org.springframework.context.support.DefaultMessageSourceResolvable: codes [recipe.description,description]; arguments []; default message [description]]; default message [description can not blank]] ]
?[1;31m
Start test 48?[0m
2022-03-06 19:00:01.560  WARN 8288 --- [io-8881-exec-20] .w.s.m.s.DefaultHandlerExceptionResolver : Resolved [org.springframework.web.bind.MethodArgumentNotValidException: Validation failed for argument [1] in public org.springframework.http.ResponseEntity<org.springframework.http.HttpStatus> recipes.controller.RecipeController.updateRecipe(long,recipes.domain.Recipe): [Field error in object 'recipe' on field 'ingredients': rejected value [null]; codes [NotEmpty.recipe.ingredients,NotEmpty.ingredients,NotEmpty.java.util.List,NotEmpty]; arguments [org.springframework.context.support.DefaultMessageSourceResolvable: codes [recipe.ingredients,ingredients]; arguments []; default message [ingredients]]; default message [ingredients can not empty]] ]
?[1;31m
Start test 49?[0m
2022-03-06 19:00:01.569  WARN 8288 --- [io-8881-exec-19] .w.s.m.s.DefaultHandlerExceptionResolver : Resolved [org.springframework.web.bind.MethodArgumentNotValidException: Validation failed for argument [1] in public org.springframework.http.ResponseEntity<org.springframework.http.HttpStatus> recipes.controller.RecipeController.updateRecipe(long,recipes.domain.Recipe): [Field error in object 'recipe' on field 'directions': rejected value [null]; codes [NotEmpty.recipe.directions,NotEmpty.directions,NotEmpty.java.util.List,NotEmpty]; arguments [org.springframework.context.support.DefaultMessageSourceResolvable: codes [recipe.directions,directions]; arguments []; default message [directions]]; default message [directions can not empty]] ]
?[1;31m
Start test 50?[0m
2022-03-06 19:00:01.578  WARN 8288 --- [nio-8881-exec-9] .w.s.m.s.DefaultHandlerExceptionResolver : Resolved [org.springframework.web.bind.MethodArgumentNotValidException: Validation failed for argument [1] in public org.springframework.http.ResponseEntity<org.springframework.http.HttpStatus> recipes.controller.RecipeController.updateRecipe(long,recipes.domain.Recipe): [Field error in object 'recipe' on field 'name': rejected value [  ]; codes [NotBlank.recipe.name,NotBlank.name,NotBlank.java.lang.String,NotBlank]; arguments [org.springframework.context.support.DefaultMessageSourceResolvable: codes [recipe.name,name]; arguments []; default message [name]]; default message [name can not blank]] ]
?[1;31m
Start test 51?[0m
2022-03-06 19:00:01.586  WARN 8288 --- [nio-8881-exec-8] .w.s.m.s.DefaultHandlerExceptionResolver : Resolved [org.springframework.web.bind.MethodArgumentNotValidException: Validation failed for argument [1] in public org.springframework.http.ResponseEntity<org.springframework.http.HttpStatus> recipes.controller.RecipeController.updateRecipe(long,recipes.domain.Recipe): [Field error in object 'recipe' on field 'category': rejected value [  ]; codes [NotBlank.recipe.category,NotBlank.category,NotBlank.java.lang.String,NotBlank]; arguments [org.springframework.context.support.DefaultMessageSourceResolvable: codes [recipe.category,category]; arguments []; default message [category]]; default message [category can not blank]] ]
?[1;31m
Start test 52?[0m
2022-03-06 19:00:01.597  WARN 8288 --- [io-8881-exec-10] .w.s.m.s.DefaultHandlerExceptionResolver : Resolved [org.springframework.web.bind.MethodArgumentNotValidException: Validation failed for argument [1] in public org.springframework.http.ResponseEntity<org.springframework.http.HttpStatus> recipes.controller.RecipeController.updateRecipe(long,recipes.domain.Recipe): [Field error in object 'recipe' on field 'description': rejected value [  ]; codes [NotBlank.recipe.description,NotBlank.description,NotBlank.java.lang.String,NotBlank]; arguments [org.springframework.context.support.DefaultMessageSourceResolvable: codes [recipe.description,description]; arguments []; default message [description]]; default message [description can not blank]] ]
?[1;31m
Start test 53?[0m
2022-03-06 19:00:01.606  WARN 8288 --- [nio-8881-exec-3] .w.s.m.s.DefaultHandlerExceptionResolver : Resolved [org.springframework.web.bind.MethodArgumentNotValidException: Validation failed for argument [1] in public org.springframework.http.ResponseEntity<org.springframework.http.HttpStatus> recipes.controller.RecipeController.updateRecipe(long,recipes.domain.Recipe) with 2 errors: [Field error in object 'recipe' on field 'ingredients': rejected value [[]]; codes [Size.recipe.ingredients,Size.ingredients,Size.java.util.List,Size]; arguments [org.springframework.context.support.DefaultMessageSourceResolvable: codes [recipe.ingredients,ingredients]; arguments []; default message [ingredients],2147483647,1]; default message [ingredients must >= 1]] [Field error in object 'recipe' on field 'ingredients': rejected value [[]]; codes [NotEmpty.recipe.ingredients,NotEmpty.ingredients,NotEmpty.java.util.List,NotEmpty]; arguments [org.springframework.context.support.DefaultMessageSourceResolvable: codes [recipe.ingredients,ingredients]; arguments []; default message [ingredients]]; default message [ingredients can not empty]] ]
?[1;31m
Start test 54?[0m
2022-03-06 19:00:01.617  WARN 8288 --- [nio-8881-exec-1] .w.s.m.s.DefaultHandlerExceptionResolver : Resolved [org.springframework.web.bind.MethodArgumentNotValidException: Validation failed for argument [1] in public org.springframework.http.ResponseEntity<org.springframework.http.HttpStatus> recipes.controller.RecipeController.updateRecipe(long,recipes.domain.Recipe) with 2 errors: [Field error in object 'recipe' on field 'directions': rejected value [[]]; codes [Size.recipe.directions,Size.directions,Size.java.util.List,Size]; arguments [org.springframework.context.support.DefaultMessageSourceResolvable: codes [recipe.directions,directions]; arguments []; default message [directions],2147483647,1]; default message [directions must >= 1]] [Field error in object 'recipe' on field 'directions': rejected value [[]]; codes [NotEmpty.recipe.directions,NotEmpty.directions,NotEmpty.java.util.List,NotEmpty]; arguments [org.springframework.context.support.DefaultMessageSourceResolvable: codes [recipe.directions,directions]; arguments []; default message [directions]]; default message [directions can not empty]] ]
]]></system-out>
  <system-err><![CDATA[]]></system-err>
</testsuite>
