<?xml version="1.0" encoding="UTF-8"?>
<testsuite name="Tests" tests="1" skipped="0" failures="0" errors="0" timestamp="2022-02-28T18:36:56" hostname="DESKTOP-L7B3B4M" time="6.546">
  <properties/>
  <testcase name="start" classname="Tests" time="6.546"/>
  <system-out><![CDATA[?[1;31m
Start test 1?[0m

  .   ____          _            __ _ _
 /\\ / ___'_ __ _ _(_)_ __  __ _ \ \ \ \
( ( )\___ | '_ | '_| | '_ \/ _` | \ \ \ \
 \\/  ___)| |_)| | | | | || (_| |  ) ) ) )
  '  |____| .__|_| |_|_| |_\__, | / / / /
 =========|_|==============|___/=/_/_/_/
 :: Spring Boot ::                (v2.5.6)

2022-02-28 21:36:58.144  INFO 4516 --- [    Test worker] task.Main                                : Starting Main using Java 17.0.1 on DESKTOP-L7B3B4M with PID 4516 (started by matro in C:\Users\matro\Documents\IdeaProjects\Recipes1\Topics\Bean validation\Tasks)
2022-02-28 21:36:58.169  INFO 4516 --- [    Test worker] task.Main                                : No active profile set, falling back to default profiles: default
2022-02-28 21:37:01.308  INFO 4516 --- [    Test worker] o.s.b.w.embedded.tomcat.TomcatWebServer  : Tomcat initialized with port(s): 28852 (http)
2022-02-28 21:37:01.322  INFO 4516 --- [    Test worker] o.apache.catalina.core.StandardService   : Starting service [Tomcat]
2022-02-28 21:37:01.323  INFO 4516 --- [    Test worker] org.apache.catalina.core.StandardEngine  : Starting Servlet engine: [Apache Tomcat/9.0.54]
2022-02-28 21:37:01.434  INFO 4516 --- [    Test worker] o.a.c.c.C.[Tomcat].[localhost].[/]       : Initializing Spring embedded WebApplicationContext
2022-02-28 21:37:01.434  INFO 4516 --- [    Test worker] w.s.c.ServletWebServerApplicationContext : Root WebApplicationContext: initialization completed in 2377 ms
2022-02-28 21:37:02.167  INFO 4516 --- [    Test worker] o.s.b.a.e.web.EndpointLinksResolver      : Exposing 14 endpoint(s) beneath base path '/actuator'
2022-02-28 21:37:02.219  INFO 4516 --- [    Test worker] o.s.b.w.embedded.tomcat.TomcatWebServer  : Tomcat started on port(s): 28852 (http) with context path ''
2022-02-28 21:37:02.235  INFO 4516 --- [    Test worker] task.Main                                : Started Main in 5.165 seconds (JVM running for 6.232)
2022-02-28 21:37:02.637  INFO 4516 --- [io-28852-exec-1] o.a.c.c.C.[Tomcat].[localhost].[/]       : Initializing Spring DispatcherServlet 'dispatcherServlet'
2022-02-28 21:37:02.637  INFO 4516 --- [io-28852-exec-1] o.s.web.servlet.DispatcherServlet        : Initializing Servlet 'dispatcherServlet'
2022-02-28 21:37:02.639  INFO 4516 --- [io-28852-exec-1] o.s.web.servlet.DispatcherServlet        : Completed initialization in 1 ms
?[1;31m
Start test 2?[0m
?[1;31m
Start test 3?[0m
?[1;31m
Start test 4?[0m
?[1;31m
Start test 5?[0m
?[1;31m
Start test 6?[0m
?[1;31m
Start test 7?[0m
?[1;31m
Start test 8?[0m
?[1;31m
Start test 9?[0m
2022-02-28 21:37:02.953  WARN 4516 --- [io-28852-exec-9] .w.s.m.s.DefaultHandlerExceptionResolver : Resolved [org.springframework.web.bind.MethodArgumentNotValidException: Validation failed for argument [0] in public void task.Controller.addTask(task.Task) with 2 errors: [Field error in object 'task' on field 'description': rejected value [null]; codes [NotBlank.task.description,NotBlank.description,NotBlank.java.lang.String,NotBlank]; arguments [org.springframework.context.support.DefaultMessageSourceResolvable: codes [task.description,description]; arguments []; default message [description]]; default message [must not be blank]] [Field error in object 'task' on field 'name': rejected value [null]; codes [NotBlank.task.name,NotBlank.name,NotBlank.java.lang.String,NotBlank]; arguments [org.springframework.context.support.DefaultMessageSourceResolvable: codes [task.name,name]; arguments []; default message [name]]; default message [must not be blank]] ]
?[1;31m
Start test 10?[0m
2022-02-28 21:37:03.005  WARN 4516 --- [o-28852-exec-10] .w.s.m.s.DefaultHandlerExceptionResolver : Resolved [org.springframework.web.bind.MethodArgumentNotValidException: Validation failed for argument [0] in public void task.Controller.addTask(task.Task): [Field error in object 'task' on field 'name': rejected value [null]; codes [NotBlank.task.name,NotBlank.name,NotBlank.java.lang.String,NotBlank]; arguments [org.springframework.context.support.DefaultMessageSourceResolvable: codes [task.name,name]; arguments []; default message [name]]; default message [must not be blank]] ]
?[1;31m
Start test 11?[0m
2022-02-28 21:37:03.016  WARN 4516 --- [io-28852-exec-8] .w.s.m.s.DefaultHandlerExceptionResolver : Resolved [org.springframework.web.bind.MethodArgumentNotValidException: Validation failed for argument [0] in public void task.Controller.addTask(task.Task): [Field error in object 'task' on field 'description': rejected value [null]; codes [NotBlank.task.description,NotBlank.description,NotBlank.java.lang.String,NotBlank]; arguments [org.springframework.context.support.DefaultMessageSourceResolvable: codes [task.description,description]; arguments []; default message [description]]; default message [must not be blank]] ]
?[1;31m
Start test 12?[0m
2022-02-28 21:37:03.028  WARN 4516 --- [io-28852-exec-9] .w.s.m.s.DefaultHandlerExceptionResolver : Resolved [org.springframework.web.bind.MethodArgumentNotValidException: Validation failed for argument [0] in public void task.Controller.addTask(task.Task) with 4 errors: [Field error in object 'task' on field 'description': rejected value []; codes [NotBlank.task.description,NotBlank.description,NotBlank.java.lang.String,NotBlank]; arguments [org.springframework.context.support.DefaultMessageSourceResolvable: codes [task.description,description]; arguments []; default message [description]]; default message [must not be blank]] [Field error in object 'task' on field 'description': rejected value []; codes [Size.task.description,Size.description,Size.java.lang.String,Size]; arguments [org.springframework.context.support.DefaultMessageSourceResolvable: codes [task.description,description]; arguments []; default message [description],200,1]; default message [size must be between 1 and 200]] [Field error in object 'task' on field 'name': rejected value []; codes [NotBlank.task.name,NotBlank.name,NotBlank.java.lang.String,NotBlank]; arguments [org.springframework.context.support.DefaultMessageSourceResolvable: codes [task.name,name]; arguments []; default message [name]]; default message [must not be blank]] [Field error in object 'task' on field 'name': rejected value []; codes [Size.task.name,Size.name,Size.java.lang.String,Size]; arguments [org.springframework.context.support.DefaultMessageSourceResolvable: codes [task.name,name]; arguments []; default message [name],50,1]; default message [size must be between 1 and 50]] ]
?[1;31m
Start test 13?[0m
2022-02-28 21:37:03.039  WARN 4516 --- [io-28852-exec-1] .w.s.m.s.DefaultHandlerExceptionResolver : Resolved [org.springframework.web.bind.MethodArgumentNotValidException: Validation failed for argument [0] in public void task.Controller.addTask(task.Task) with 2 errors: [Field error in object 'task' on field 'name': rejected value []; codes [NotBlank.task.name,NotBlank.name,NotBlank.java.lang.String,NotBlank]; arguments [org.springframework.context.support.DefaultMessageSourceResolvable: codes [task.name,name]; arguments []; default message [name]]; default message [must not be blank]] [Field error in object 'task' on field 'name': rejected value []; codes [Size.task.name,Size.name,Size.java.lang.String,Size]; arguments [org.springframework.context.support.DefaultMessageSourceResolvable: codes [task.name,name]; arguments []; default message [name],50,1]; default message [size must be between 1 and 50]] ]
?[1;31m
Start test 14?[0m
2022-02-28 21:37:03.048  WARN 4516 --- [io-28852-exec-2] .w.s.m.s.DefaultHandlerExceptionResolver : Resolved [org.springframework.web.bind.MethodArgumentNotValidException: Validation failed for argument [0] in public void task.Controller.addTask(task.Task) with 2 errors: [Field error in object 'task' on field 'description': rejected value []; codes [NotBlank.task.description,NotBlank.description,NotBlank.java.lang.String,NotBlank]; arguments [org.springframework.context.support.DefaultMessageSourceResolvable: codes [task.description,description]; arguments []; default message [description]]; default message [must not be blank]] [Field error in object 'task' on field 'description': rejected value []; codes [Size.task.description,Size.description,Size.java.lang.String,Size]; arguments [org.springframework.context.support.DefaultMessageSourceResolvable: codes [task.description,description]; arguments []; default message [description],200,1]; default message [size must be between 1 and 200]] ]
?[1;31m
Start test 15?[0m
2022-02-28 21:37:03.058  WARN 4516 --- [io-28852-exec-3] .w.s.m.s.DefaultHandlerExceptionResolver : Resolved [org.springframework.web.bind.MethodArgumentNotValidException: Validation failed for argument [0] in public void task.Controller.addTask(task.Task) with 2 errors: [Field error in object 'task' on field 'name': rejected value [ ]; codes [NotBlank.task.name,NotBlank.name,NotBlank.java.lang.String,NotBlank]; arguments [org.springframework.context.support.DefaultMessageSourceResolvable: codes [task.name,name]; arguments []; default message [name]]; default message [must not be blank]] [Field error in object 'task' on field 'description': rejected value [ ]; codes [NotBlank.task.description,NotBlank.description,NotBlank.java.lang.String,NotBlank]; arguments [org.springframework.context.support.DefaultMessageSourceResolvable: codes [task.description,description]; arguments []; default message [description]]; default message [must not be blank]] ]
?[1;31m
Start test 16?[0m
2022-02-28 21:37:03.068  WARN 4516 --- [io-28852-exec-4] .w.s.m.s.DefaultHandlerExceptionResolver : Resolved [org.springframework.web.bind.MethodArgumentNotValidException: Validation failed for argument [0] in public void task.Controller.addTask(task.Task): [Field error in object 'task' on field 'description': rejected value [ ]; codes [NotBlank.task.description,NotBlank.description,NotBlank.java.lang.String,NotBlank]; arguments [org.springframework.context.support.DefaultMessageSourceResolvable: codes [task.description,description]; arguments []; default message [description]]; default message [must not be blank]] ]
?[1;31m
Start test 17?[0m
2022-02-28 21:37:03.082  WARN 4516 --- [io-28852-exec-5] .w.s.m.s.DefaultHandlerExceptionResolver : Resolved [org.springframework.web.bind.MethodArgumentNotValidException: Validation failed for argument [0] in public void task.Controller.addTask(task.Task): [Field error in object 'task' on field 'name': rejected value [ ]; codes [NotBlank.task.name,NotBlank.name,NotBlank.java.lang.String,NotBlank]; arguments [org.springframework.context.support.DefaultMessageSourceResolvable: codes [task.name,name]; arguments []; default message [name]]; default message [must not be blank]] ]
?[1;31m
Start test 18?[0m
2022-02-28 21:37:03.099  WARN 4516 --- [io-28852-exec-6] .w.s.m.s.DefaultHandlerExceptionResolver : Resolved [org.springframework.web.bind.MethodArgumentNotValidException: Validation failed for argument [0] in public void task.Controller.addTask(task.Task): [Field error in object 'task' on field 'name': rejected value [            ]; codes [NotBlank.task.name,NotBlank.name,NotBlank.java.lang.String,NotBlank]; arguments [org.springframework.context.support.DefaultMessageSourceResolvable: codes [task.name,name]; arguments []; default message [name]]; default message [must not be blank]] ]
?[1;31m
Start test 19?[0m
2022-02-28 21:37:03.108  WARN 4516 --- [io-28852-exec-7] .w.s.m.s.DefaultHandlerExceptionResolver : Resolved [org.springframework.web.bind.MethodArgumentNotValidException: Validation failed for argument [0] in public void task.Controller.addTask(task.Task) with 2 errors: [Field error in object 'task' on field 'description': rejected value [aaaaaaaaaaaaaaaaaaaaaaaaaaaaaaaaaaaaaaaaaaaaaaaaaaaaaaaaaaaaaaaaaaaaaaaaaaaaaaaaaaaaaaaaaaaaaaaaaaaaaaaaaaaaaaaaaaaaaaaaaaaaaaaaaaaaaaaaaaaaaaaaaaaaaaaaaaaaaaaaaaaaaaaaaaaaaaaaaaaaaaaaaaaaaaaaaaaaaaaaa]; codes [Size.task.description,Size.description,Size.java.lang.String,Size]; arguments [org.springframework.context.support.DefaultMessageSourceResolvable: codes [task.description,description]; arguments []; default message [description],200,1]; default message [size must be between 1 and 200]] [Field error in object 'task' on field 'name': rejected value [111111111111111111111111111111111111111111111111111]; codes [Size.task.name,Size.name,Size.java.lang.String,Size]; arguments [org.springframework.context.support.DefaultMessageSourceResolvable: codes [task.name,name]; arguments []; default message [name],50,1]; default message [size must be between 1 and 50]] ]
?[1;31m
Start test 20?[0m
2022-02-28 21:37:03.118  WARN 4516 --- [o-28852-exec-10] .w.s.m.s.DefaultHandlerExceptionResolver : Resolved [org.springframework.web.bind.MethodArgumentNotValidException: Validation failed for argument [0] in public void task.Controller.addTask(task.Task): [Field error in object 'task' on field 'name': rejected value [111111111111111111111111111111111111111111111111111]; codes [Size.task.name,Size.name,Size.java.lang.String,Size]; arguments [org.springframework.context.support.DefaultMessageSourceResolvable: codes [task.name,name]; arguments []; default message [name],50,1]; default message [size must be between 1 and 50]] ]
?[1;31m
Start test 21?[0m
2022-02-28 21:37:03.126  WARN 4516 --- [io-28852-exec-8] .w.s.m.s.DefaultHandlerExceptionResolver : Resolved [org.springframework.web.bind.MethodArgumentNotValidException: Validation failed for argument [0] in public void task.Controller.addTask(task.Task): [Field error in object 'task' on field 'description': rejected value [aaaaaaaaaaaaaaaaaaaaaaaaaaaaaaaaaaaaaaaaaaaaaaaaaaaaaaaaaaaaaaaaaaaaaaaaaaaaaaaaaaaaaaaaaaaaaaaaaaaaaaaaaaaaaaaaaaaaaaaaaaaaaaaaaaaaaaaaaaaaaaaaaaaaaaaaaaaaaaaaaaaaaaaaaaaaaaaaaaaaaaaaaaaaaaaaaaaaaaaaa]; codes [Size.task.description,Size.description,Size.java.lang.String,Size]; arguments [org.springframework.context.support.DefaultMessageSourceResolvable: codes [task.description,description]; arguments []; default message [description],200,1]; default message [size must be between 1 and 200]] ]
?[1;31m
Start test 22?[0m
2022-02-28 21:37:03.136  WARN 4516 --- [io-28852-exec-9] .w.s.m.s.DefaultHandlerExceptionResolver : Resolved [org.springframework.web.bind.MethodArgumentNotValidException: Validation failed for argument [0] in public void task.Controller.addTask(task.Task) with 2 errors: [Field error in object 'task' on field 'description': rejected value [bbbbbbbbbbbbbbbbbbbbbbbbbbbbbbbbbbbbbbbbbbbbbbbbbbbbbbbbbbbbbbbbbbbbbbbbbbbbbbbbbbbbbbbbbbbbbbbbbbbbbbbbbbbbbbbbbbbbbbbbbbbbbbbbbbbbbbbbbbbbbbbbbbbbbbbbbbbbbbbbbbbbbbbbbbbbbbbbbbbbbbbbbbbbbbbbbbbbbbbaaa]; codes [Size.task.description,Size.description,Size.java.lang.String,Size]; arguments [org.springframework.context.support.DefaultMessageSourceResolvable: codes [task.description,description]; arguments []; default message [description],200,1]; default message [size must be between 1 and 200]] [Field error in object 'task' on field 'name': rejected value [2222222222222222222222222222222222222222222222222aaa]; codes [Size.task.name,Size.name,Size.java.lang.String,Size]; arguments [org.springframework.context.support.DefaultMessageSourceResolvable: codes [task.name,name]; arguments []; default message [name],50,1]; default message [size must be between 1 and 50]] ]
?[1;31m
Start test 23?[0m
2022-02-28 21:37:03.146  WARN 4516 --- [io-28852-exec-1] .w.s.m.s.DefaultHandlerExceptionResolver : Resolved [org.springframework.web.bind.MethodArgumentNotValidException: Validation failed for argument [0] in public void task.Controller.addTask(task.Task) with 2 errors: [Field error in object 'task' on field 'description': rejected value [bbbbbbbbbbbbbbbbbbbbbbbbbbbbbbbbbbbbbbbbbbbbbbbbbbbbbbbbbbbbbbbbbbbbbbbbbbbbbbbbbbbbbbbbbbbbbbbbbbbbbbbbbbbbbbbbbbbbbbbbbbbbbbbbbbbbbbbbbbbbbbbbbbbbbbbbbbbbbbbbbbbbbbbbbbbbbbbbbbbbbbbbbbbbbbbbbbbbbbbaaabbbbbbbbbbbbbbbbbbbbbbbbbbbbbbbbbbbbbbbbbbbbbbbbbbbbbbbbbbbbbbbbbbbbbbbbbbbbbbbbbbbbbbbbbbbbbbbbbbbbbbbbbbbbbbbbbbbbbbbbbbbbbbbbbbbbbbbbbbbbbbbbbbbbbbbbbbbbbbbbbbbbbbbbbbbbbbbbbbbbbbbbbbbbbbbbbbbbbbbaaa]; codes [Size.task.description,Size.description,Size.java.lang.String,Size]; arguments [org.springframework.context.support.DefaultMessageSourceResolvable: codes [task.description,description]; arguments []; default message [description],200,1]; default message [size must be between 1 and 200]] [Field error in object 'task' on field 'name': rejected value [2222222222222222222222222222222222222222222222222aaa2222222222222222222222222222222222222222222222222aaa]; codes [Size.task.name,Size.name,Size.java.lang.String,Size]; arguments [org.springframework.context.support.DefaultMessageSourceResolvable: codes [task.name,name]; arguments []; default message [name],50,1]; default message [size must be between 1 and 50]] ]
]]></system-out>
  <system-err><![CDATA[]]></system-err>
</testsuite>
