<?xml version="1.0" encoding="UTF-8"?>
<testsuite name="Tests" tests="1" skipped="0" failures="0" errors="0" timestamp="2022-02-16T09:55:13" hostname="DESKTOP-L7B3B4M" time="4.494">
  <properties/>
  <testcase name="start" classname="Tests" time="4.494"/>
  <system-out><![CDATA[?[1;31m
Start test 1?[0m

  .   ____          _            __ _ _
 /\\ / ___'_ __ _ _(_)_ __  __ _ \ \ \ \
( ( )\___ | '_ | '_| | '_ \/ _` | \ \ \ \
 \\/  ___)| |_)| | | | | || (_| |  ) ) ) )
  '  |____| .__|_| |_|_| |_\__, | / / / /
 =========|_|==============|___/=/_/_/_/
 :: Spring Boot ::                (v2.5.6)

2022-02-16 12:55:14.907  INFO 17760 --- [    Test worker] task.Main                                : Starting Main using Java 17.0.1 on DESKTOP-L7B3B4M with PID 17760 (started by matro in C:\Users\matro\Documents\IdeaProjects\Recipes1\Topics\Getting data from REST\Add annotations)
2022-02-16 12:55:14.912  INFO 17760 --- [    Test worker] task.Main                                : No active profile set, falling back to default profiles: default
2022-02-16 12:55:16.619  INFO 17760 --- [    Test worker] o.s.b.w.embedded.tomcat.TomcatWebServer  : Tomcat initialized with port(s): 28852 (http)
2022-02-16 12:55:16.635  INFO 17760 --- [    Test worker] o.apache.catalina.core.StandardService   : Starting service [Tomcat]
2022-02-16 12:55:16.635  INFO 17760 --- [    Test worker] org.apache.catalina.core.StandardEngine  : Starting Servlet engine: [Apache Tomcat/9.0.54]
2022-02-16 12:55:16.760  INFO 17760 --- [    Test worker] o.a.c.c.C.[Tomcat].[localhost].[/]       : Initializing Spring embedded WebApplicationContext
2022-02-16 12:55:16.760  INFO 17760 --- [    Test worker] w.s.c.ServletWebServerApplicationContext : Root WebApplicationContext: initialization completed in 1756 ms
2022-02-16 12:55:17.673  INFO 17760 --- [    Test worker] o.s.b.a.e.web.EndpointLinksResolver      : Exposing 14 endpoint(s) beneath base path '/actuator'
2022-02-16 12:55:17.720  INFO 17760 --- [    Test worker] o.s.b.w.embedded.tomcat.TomcatWebServer  : Tomcat started on port(s): 28852 (http) with context path ''
2022-02-16 12:55:17.735  INFO 17760 --- [    Test worker] task.Main                                : Started Main in 3.341 seconds (JVM running for 4.628)
2022-02-16 12:55:18.195  INFO 17760 --- [io-28852-exec-1] o.a.c.c.C.[Tomcat].[localhost].[/]       : Initializing Spring DispatcherServlet 'dispatcherServlet'
2022-02-16 12:55:18.195  INFO 17760 --- [io-28852-exec-1] o.s.web.servlet.DispatcherServlet        : Initializing Servlet 'dispatcherServlet'
2022-02-16 12:55:18.210  INFO 17760 --- [io-28852-exec-1] o.s.web.servlet.DispatcherServlet        : Completed initialization in 15 ms
?[1;31m
Start test 2?[0m
?[1;31m
Start test 3?[0m
?[1;31m
Start test 4?[0m
?[1;31m
Start test 5?[0m
?[1;31m
Start test 6?[0m
?[1;31m
Start test 7?[0m
?[1;31m
Start test 8?[0m
]]></system-out>
  <system-err><![CDATA[]]></system-err>
</testsuite>
